<?xml version="1.0" encoding="UTF-8"?>
<!-- Generated by org.testng.reporters.JUnitXMLReporter -->
<testsuite hostname="DESKTOP-7SGARNL" ignored="2" tests="0" failures="0" timestamp="10 May 2020 07:50:44 GMT" time="0.002" errors="0">
  <testcase name="demo" time="0.0" classname="practise.AppiumFramework.testNGdemo2">
    <ignored/>
  </testcase> <!-- demo -->
  <testcase name="demo2" time="0.0" classname="practise.AppiumFramework.testNGdemo2">
    <ignored/>
  </testcase> <!-- demo2 -->
</testsuite>
