<?xml version="1.0" encoding="UTF-8"?>
<!-- Generated by org.testng.reporters.JUnitXMLReporter -->
<testsuite hostname="DESKTOP-7SGARNL" ignored="2" name="Test" tests="2" failures="0" timestamp="10 May 2020 09:56:33 GMT" time="0.026" errors="0">
  <testcase name="demo" time="0.007" classname="practise.AppiumFramework.testNGdemo"/>
  <testcase name="demo2" time="0.001" classname="practise.AppiumFramework.testNGdemo2"/>
  <testcase name="demo" time="0.0" classname="practise.AppiumFramework.testNGdemo2">
    <ignored/>
  </testcase> <!-- demo -->
  <testcase name="demo2" time="0.0" classname="practise.AppiumFramework.testNGdemo">
    <ignored/>
  </testcase> <!-- demo2 -->
</testsuite> <!-- Test -->
