<?xml version="1.0" encoding="UTF-8"?>
<testng-results skipped="0" failed="0" ignored="2" total="4" passed="2">
  <reporter-output>
  </reporter-output>
  <suite name="Suite" duration-ms="26" started-at="2020-05-10T09:56:33Z" finished-at="2020-05-10T09:56:33Z">
    <groups>
      <group name="smoke">
        <method signature="testNGdemo.demo()[pri:0, instance:practise.AppiumFramework.testNGdemo@6eebc39e]" name="demo" class="practise.AppiumFramework.testNGdemo"/>
        <method signature="testNGdemo2.demo2()[pri:0, instance:practise.AppiumFramework.testNGdemo2@464bee09]" name="demo2" class="practise.AppiumFramework.testNGdemo2"/>
      </group> <!-- smoke -->
    </groups>
    <test name="Test" duration-ms="26" started-at="2020-05-10T09:56:33Z" finished-at="2020-05-10T09:56:33Z">
      <class name="practise.AppiumFramework.testNGdemo">
        <test-method status="PASS" signature="demo()[pri:0, instance:practise.AppiumFramework.testNGdemo@6eebc39e]" name="demo" duration-ms="7" started-at="2020-05-10T09:56:33Z" finished-at="2020-05-10T09:56:33Z">
          <reporter-output>
          </reporter-output>
        </test-method> <!-- demo -->
      </class> <!-- practise.AppiumFramework.testNGdemo -->
      <class name="practise.AppiumFramework.testNGdemo2">
        <test-method status="PASS" signature="demo2()[pri:0, instance:practise.AppiumFramework.testNGdemo2@464bee09]" name="demo2" duration-ms="1" started-at="2020-05-10T09:56:33Z" finished-at="2020-05-10T09:56:33Z">
          <reporter-output>
          </reporter-output>
        </test-method> <!-- demo2 -->
      </class> <!-- practise.AppiumFramework.testNGdemo2 -->
    </test> <!-- Test -->
  </suite> <!-- Suite -->
</testng-results>
